# JRE version: Java(TM) SE Runtime Environment (13.0.1+9) (build 13.0.1+9)
# Java VM: Java HotSpot(TM) 64-Bit Server VM (13.0.1+9, mixed mode, sharing, tiered, compressed oops, g1 gc, windows-amd64)
Heap:
 garbage-first heap   total 131072K, used 40102K [0x0000000080400000, 0x0000000100000000)
  region size 1024K, 33 young (33792K), 1 survivors (1024K)
 Metaspace       used 17890K, capacity 18570K, committed 18688K, reserved 1064960K
  class space    used 1963K, capacity 2232K, committed 2304K, reserved 1048576K
GC Heap History (20 events):
Event: 195.874 GC heap before
{Heap before GC invocations=41 (full 0):
 garbage-first heap   total 131072K, used 85194K [0x0000000080400000, 0x0000000100000000)
  region size 1024K, 76 young (77824K), 1 survivors (1024K)
 Metaspace       used 17889K, capacity 18570K, committed 18688K, reserved 1064960K
  class space    used 1963K, capacity 2232K, committed 2304K, reserved 1048576K
}
Event: 195.874 GC heap after
{Heap after GC invocations=42 (full 0):
 garbage-first heap   total 131072K, used 8257K [0x0000000080400000, 0x0000000100000000)
  region size 1024K, 1 young (1024K), 1 survivors (1024K)
 Metaspace       used 17889K, capacity 18570K, committed 18688K, reserved 1064960K
  class space    used 1963K, capacity 2232K, committed 2304K, reserved 1048576K
}
Event: 200.040 GC heap before
{Heap before GC invocations=42 (full 0):
 garbage-first heap   total 131072K, used 85057K [0x0000000080400000, 0x0000000100000000)
  region size 1024K, 76 young (77824K), 1 survivors (1024K)
 Metaspace       used 17889K, capacity 18570K, committed 18688K, reserved 1064960K
  class space    used 1963K, capacity 2232K, committed 2304K, reserved 1048576K
}
Event: 200.041 GC heap after
{Heap after GC invocations=43 (full 0):
 garbage-first heap   total 131072K, used 8363K [0x0000000080400000, 0x0000000100000000)
  region size 1024K, 1 young (1024K), 1 survivors (1024K)
 Metaspace       used 17889K, capacity 18570K, committed 18688K, reserved 1064960K
  class space    used 1963K, capacity 2232K, committed 2304K, reserved 1048576K
}
Event: 204.457 GC heap before
{Heap before GC invocations=43 (full 0):
 garbage-first heap   total 131072K, used 85163K [0x0000000080400000, 0x0000000100000000)
  region size 1024K, 76 young (77824K), 1 survivors (1024K)
 Metaspace       used 17889K, capacity 18570K, committed 18688K, reserved 1064960K
  class space    used 1963K, capacity 2232K, committed 2304K, reserved 1048576K
}
Event: 204.458 GC heap after
{Heap after GC invocations=44 (full 0):
 garbage-first heap   total 131072K, used 8255K [0x0000000080400000, 0x0000000100000000)
  region size 1024K, 1 young (1024K), 1 survivors (1024K)
 Metaspace       used 17889K, capacity 18570K, committed 18688K, reserved 1064960K
  class space    used 1963K, capacity 2232K, committed 2304K, reserved 1048576K
}
Event: 208.720 GC heap before
{Heap before GC invocations=44 (full 0):
 garbage-first heap   total 131072K, used 85055K [0x0000000080400000, 0x0000000100000000)
  region size 1024K, 76 young (77824K), 1 survivors (1024K)
 Metaspace       used 17889K, capacity 18570K, committed 18688K, reserved 1064960K
  class space    used 1963K, capacity 2232K, committed 2304K, reserved 1048576K
}
Event: 208.721 GC heap after
{Heap after GC invocations=45 (full 0):
 garbage-first heap   total 131072K, used 8370K [0x0000000080400000, 0x0000000100000000)
  region size 1024K, 1 young (1024K), 1 survivors (1024K)
 Metaspace       used 17889K, capacity 18570K, committed 18688K, reserved 1064960K
  class space    used 1963K, capacity 2232K, committed 2304K, reserved 1048576K
}
Event: 213.265 GC heap before
{Heap before GC invocations=45 (full 0):
 garbage-first heap   total 131072K, used 85170K [0x0000000080400000, 0x0000000100000000)
  region size 1024K, 76 young (77824K), 1 survivors (1024K)
 Metaspace       used 17889K, capacity 18570K, committed 18688K, reserved 1064960K
  class space    used 1963K, capacity 2232K, committed 2304K, reserved 1048576K
}
Event: 213.266 GC heap after
{Heap after GC invocations=46 (full 0):
 garbage-first heap   total 131072K, used 8270K [0x0000000080400000, 0x0000000100000000)
  region size 1024K, 1 young (1024K), 1 survivors (1024K)
 Metaspace       used 17889K, capacity 18570K, committed 18688K, reserved 1064960K
  class space    used 1963K, capacity 2232K, committed 2304K, reserved 1048576K
}
Event: 217.620 GC heap before
{Heap before GC invocations=46 (full 0):
 garbage-first heap   total 131072K, used 85070K [0x0000000080400000, 0x0000000100000000)
  region size 1024K, 76 young (77824K), 1 survivors (1024K)
 Metaspace       used 17889K, capacity 18570K, committed 18688K, reserved 1064960K
  class space    used 1963K, capacity 2232K, committed 2304K, reserved 1048576K
}
Event: 217.621 GC heap after
{Heap after GC invocations=47 (full 0):
 garbage-first heap   total 131072K, used 8372K [0x0000000080400000, 0x0000000100000000)
  region size 1024K, 1 young (1024K), 1 survivors (1024K)
 Metaspace       used 17889K, capacity 18570K, committed 18688K, reserved 1064960K
  class space    used 1963K, capacity 2232K, committed 2304K, reserved 1048576K
}
Event: 222.135 GC heap before
{Heap before GC invocations=47 (full 0):
 garbage-first heap   total 131072K, used 85172K [0x0000000080400000, 0x0000000100000000)
  region size 1024K, 76 young (77824K), 1 survivors (1024K)
 Metaspace       used 17889K, capacity 18570K, committed 18688K, reserved 1064960K
  class space    used 1963K, capacity 2232K, committed 2304K, reserved 1048576K
}
Event: 222.136 GC heap after
{Heap after GC invocations=48 (full 0):
 garbage-first heap   total 131072K, used 8263K [0x0000000080400000, 0x0000000100000000)
  region size 1024K, 1 young (1024K), 1 survivors (1024K)
 Metaspace       used 17889K, capacity 18570K, committed 18688K, reserved 1064960K
  class space    used 1963K, capacity 2232K, committed 2304K, reserved 1048576K
}
Event: 226.421 GC heap before
{Heap before GC invocations=48 (full 0):
 garbage-first heap   total 131072K, used 85063K [0x0000000080400000, 0x0000000100000000)
  region size 1024K, 76 young (77824K), 1 survivors (1024K)
 Metaspace       used 17889K, capacity 18570K, committed 18688K, reserved 1064960K
  class space    used 1963K, capacity 2232K, committed 2304K, reserved 1048576K
}
Event: 226.422 GC heap after
{Heap after GC invocations=49 (full 0):
 garbage-first heap   total 131072K, used 8356K [0x0000000080400000, 0x0000000100000000)
  region size 1024K, 1 young (1024K), 1 survivors (1024K)
 Metaspace       used 17889K, capacity 18570K, committed 18688K, reserved 1064960K
  class space    used 1963K, capacity 2232K, committed 2304K, reserved 1048576K
}
Event: 230.880 GC heap before
{Heap before GC invocations=49 (full 0):
 garbage-first heap   total 131072K, used 85156K [0x0000000080400000, 0x0000000100000000)
  region size 1024K, 76 young (77824K), 1 survivors (1024K)
 Metaspace       used 17889K, capacity 18570K, committed 18688K, reserved 1064960K
  class space    used 1963K, capacity 2232K, committed 2304K, reserved 1048576K
}
Event: 230.880 GC heap after
{Heap after GC invocations=50 (full 0):
 garbage-first heap   total 131072K, used 8262K [0x0000000080400000, 0x0000000100000000)
  region size 1024K, 1 young (1024K), 1 survivors (1024K)
 Metaspace       used 17889K, capacity 18570K, committed 18688K, reserved 1064960K
  class space    used 1963K, capacity 2232K, committed 2304K, reserved 1048576K
}
Event: 235.188 GC heap before
{Heap before GC invocations=50 (full 0):
 garbage-first heap   total 131072K, used 85062K [0x0000000080400000, 0x0000000100000000)
  region size 1024K, 76 young (77824K), 1 survivors (1024K)
 Metaspace       used 17889K, capacity 18570K, committed 18688K, reserved 1064960K
  class space    used 1963K, capacity 2232K, committed 2304K, reserved 1048576K
}
Event: 235.189 GC heap after
{Heap after GC invocations=51 (full 0):
 garbage-first heap   total 131072K, used 8358K [0x0000000080400000, 0x0000000100000000)
  region size 1024K, 1 young (1024K), 1 survivors (1024K)
 Metaspace       used 17889K, capacity 18570K, committed 18688K, reserved 1064960K
  class space    used 1963K, capacity 2232K, committed 2304K, reserved 1048576K
}

